#
# A fatal error has been detected by the Java Runtime Environment:
#
#  Internal Error (exceptions.cpp:427), pid=2816, tid=9176
#  fatal error: ExceptionMark destructor expects no pending exceptions
#
# JRE version: Java(TM) SE Runtime Environment (8.0_40-b26) (build 1.8.0_40-b26)
# Java VM: Java HotSpot(TM) 64-Bit Server VM (25.40-b25 mixed mode windows-amd64 compressed oops)
# Failed to write core dump. Minidumps are not enabled by default on client versions of Windows
#
# If you would like to submit a bug report, please visit:
#   http://bugreport.java.com/bugreport/crash.jsp
#

---------------  T H R E A D  ---------------

Current thread (0x0000000024f98000):  JavaThread "Thread-17" [_thread_in_vm, id=9176, stack(0x0000000021ce0000,0x0000000021de0000)]

Stack: [0x0000000021ce0000,0x0000000021de0000]
Native frames: (J=compiled Java code, j=interpreted, Vv=VM code, C=native code)
V  [jvm.dll+0x32b47a]
V  [jvm.dll+0x2797f3]
V  [jvm.dll+0x27a489]
V  [jvm.dll+0x271726]
V  [jvm.dll+0x27221b]
V  [jvm.dll+0x1b6ad6]
V  [jvm.dll+0xb7db1]
C  0x0000000002d7502d

Java frames: (J=compiled Java code, j=interpreted, Vv=VM code)
j  java.lang.Thread.sleep(J)V+0
j  util.misc.ThreadSupport.sleep(J)V+1
j  grail.animation.BasicAvatarAnimator.walkAvatar(Lgrail/avatar/Avatar;I)V+60
j  grail.animation.AnimationCommandObject.runWithoutClearance()V+77
j  grail.animation.AnimationCommandObject.run()V+8
j  java.lang.Thread.run()V+11
v  ~StubRoutines::call_stub

---------------  P R O C E S S  ---------------

Java Threads: ( => current thread )
  0x0000000024f9b800 JavaThread "Thread-18" [_thread_blocked, id=1960, stack(0x0000000021de0000,0x0000000021ee0000)]
=>0x0000000024f98000 JavaThread "Thread-17" [_thread_in_vm, id=9176, stack(0x0000000021ce0000,0x0000000021de0000)]
  0x0000000024f97000 JavaThread "Image Fetcher 1" daemon [_thread_blocked, id=9228, stack(0x0000000021740000,0x0000000021840000)]
  0x0000000024f99800 JavaThread "Image Fetcher 0" daemon [_thread_blocked, id=6488, stack(0x0000000021140000,0x0000000021240000)]
  0x000000001e364800 JavaThread "pool-3-thread-1" [_thread_blocked, id=10152, stack(0x0000000020050000,0x0000000020150000)]
  0x000000001e4a7000 JavaThread "pool-2-thread-1" [_thread_blocked, id=4276, stack(0x0000000021240000,0x0000000021340000)]
  0x0000000025016000 JavaThread "TimerQueue" daemon [_thread_blocked, id=6940, stack(0x0000000025d50000,0x0000000025e50000)]
  0x00000000227d4000 JavaThread "Thread-2" [_thread_blocked, id=6736, stack(0x0000000024480000,0x0000000024580000)]
  0x0000000022d36000 JavaThread "Swing-Shell" daemon [_thread_blocked, id=6216, stack(0x0000000023c30000,0x0000000023d30000)]
  0x00000000227a3000 JavaThread "AWT-EventQueue-0" [_thread_blocked, id=7556, stack(0x0000000023b30000,0x0000000023c30000)]
  0x000000001eccc000 JavaThread "AWT-Windows" daemon [_thread_in_native, id=6672, stack(0x000000001f630000,0x000000001f730000)]
  0x000000001eaf1000 JavaThread "AWT-Shutdown" [_thread_blocked, id=3916, stack(0x000000001f530000,0x000000001f630000)]
  0x000000001eaf0800 JavaThread "Java2D Disposer" daemon [_thread_blocked, id=6920, stack(0x000000001f430000,0x000000001f530000)]
  0x000000001e284000 JavaThread "Service Thread" daemon [_thread_blocked, id=5748, stack(0x000000001e630000,0x000000001e730000)]
  0x000000001c394800 JavaThread "C1 CompilerThread2" daemon [_thread_blocked, id=9752, stack(0x000000001e130000,0x000000001e230000)]
  0x000000001c391000 JavaThread "C2 CompilerThread1" daemon [_thread_blocked, id=9288, stack(0x000000001e030000,0x000000001e130000)]
  0x000000001c38b800 JavaThread "C2 CompilerThread0" daemon [_thread_blocked, id=6036, stack(0x000000001df30000,0x000000001e030000)]
  0x000000001c37f800 JavaThread "JDWP Command Reader" daemon [_thread_in_native, id=7688, stack(0x000000001de30000,0x000000001df30000)]
  0x000000001c37a800 JavaThread "JDWP Event Helper Thread" daemon [_thread_blocked, id=1524, stack(0x000000001dd30000,0x000000001de30000)]
  0x000000001c377000 JavaThread "JDWP Transport Listener: dt_socket" daemon [_thread_blocked, id=6956, stack(0x000000001d8c0000,0x000000001d9c0000)]
  0x000000001c36e800 JavaThread "Attach Listener" daemon [_thread_blocked, id=7004, stack(0x000000001d7c0000,0x000000001d8c0000)]
  0x000000001c36d000 JavaThread "Signal Dispatcher" daemon [_thread_blocked, id=9540, stack(0x000000001d6c0000,0x000000001d7c0000)]
  0x0000000002d5b800 JavaThread "Finalizer" daemon [_thread_blocked, id=4260, stack(0x000000001d5c0000,0x000000001d6c0000)]
  0x0000000002d53800 JavaThread "Reference Handler" daemon [_thread_blocked, id=5500, stack(0x000000001d4c0000,0x000000001d5c0000)]
  0x0000000002c66000 JavaThread "main" [_thread_in_vm, id=8908, stack(0x0000000002b60000,0x0000000002c60000)]

Other Threads:
  0x000000001c327000 VMThread [stack: 0x000000001d3c0000,0x000000001d4c0000] [id=5640]
  0x000000001e265800 WatcherThread [stack: 0x000000001e730000,0x000000001e830000] [id=2620]

VM state:not at safepoint (normal execution)

VM Mutex/Monitor currently owned by a thread: None

Heap:
 PSYoungGen      total 208384K, used 89371K [0x000000076b200000, 0x000000077eb80000, 0x00000007c0000000)
  eden space 188928K, 38% used [0x000000076b200000,0x000000076f9d05f8,0x0000000776a80000)
  from space 19456K, 81% used [0x0000000776a80000,0x00000007779f6638,0x0000000777d80000)
  to   space 20992K, 0% used [0x000000077d700000,0x000000077d700000,0x000000077eb80000)
 ParOldGen       total 178688K, used 18613K [0x00000006c1600000, 0x00000006cc480000, 0x000000076b200000)
  object space 178688K, 10% used [0x00000006c1600000,0x00000006c282d7b0,0x00000006cc480000)
 Metaspace       used 40170K, capacity 40860K, committed 40960K, reserved 1085440K
  class space    used 5398K, capacity 5571K, committed 5632K, reserved 1048576K

Card table byte_map: [0x0000000012120000,0x0000000012920000] byte_map_base: 0x000000000eb15000

Marking Bits: (ParMarkBitMap*) 0x0000000074834040
 Begin Bits: [0x0000000013270000, 0x0000000017218000)
 End Bits:   [0x0000000017218000, 0x000000001b1c0000)

Polling page: 0x0000000001180000

CodeCache: size=245760Kb used=17248Kb max_used=17258Kb free=228511Kb
 bounds [0x0000000002d60000, 0x0000000003e50000, 0x0000000011d60000]
 total_blobs=5521 nmethods=4881 adapters=558
 compilation: enabled

Compilation events (10 events):
Event: 32.052 Thread 0x000000001c38b800 5440       4       java.util.AbstractList::listIterator (6 bytes)
Event: 32.052 Thread 0x000000001c394800 5441       3       javax.swing.DefaultButtonModel::isRollover (16 bytes)
Event: 32.052 Thread 0x000000001c394800 nmethod 5441 0x0000000003e3e790 code [0x0000000003e3e8e0, 0x0000000003e3ea90]
Event: 32.053 Thread 0x000000001c394800 5442       1       sun.swing.MenuItemLayoutHelper$LayoutResult::access$400 (5 bytes)
Event: 32.053 Thread 0x000000001c394800 nmethod 5442 0x0000000003e3e490 code [0x0000000003e3e5e0, 0x0000000003e3e6d0]
Event: 32.055 Thread 0x000000001c38b800 nmethod 5440 0x0000000003e46e50 code [0x0000000003e46fc0, 0x0000000003e472c8]
Event: 32.057 Thread 0x000000001c394800 5443       1       javax.swing.JComboBox::isEditable (5 bytes)
Event: 32.057 Thread 0x000000001c394800 nmethod 5443 0x0000000003e46b90 code [0x0000000003e46ce0, 0x0000000003e46df0]
Event: 32.057 Thread 0x000000001c394800 5444       1       javax.swing.plaf.metal.MetalComboBoxIcon::getIconWidth (3 bytes)
Event: 32.057 Thread 0x000000001c394800 nmethod 5444 0x0000000003e43f50 code [0x0000000003e440a0, 0x0000000003e441b0]

GC Heap History (10 events):
Event: 23.101 GC heap before
{Heap before GC invocations=9 (full 2):
 PSYoungGen      total 120320K, used 103936K [0x000000076b200000, 0x0000000774a00000, 0x00000007c0000000)
  eden space 103936K, 100% used [0x000000076b200000,0x0000000771780000,0x0000000771780000)
  from space 16384K, 0% used [0x0000000772980000,0x0000000772980000,0x0000000773980000)
  to   space 18432K, 0% used [0x0000000771780000,0x0000000771780000,0x0000000772980000)
 ParOldGen       total 178688K, used 18573K [0x00000006c1600000, 0x00000006cc480000, 0x000000076b200000)
  object space 178688K, 10% used [0x00000006c1600000,0x00000006c28237b0,0x00000006cc480000)
 Metaspace       used 35370K, capacity 35714K, committed 36096K, reserved 1081344K
  class space    used 4753K, capacity 4848K, committed 4864K, reserved 1048576K
Event: 23.107 GC heap after
Heap after GC invocations=9 (full 2):
 PSYoungGen      total 122368K, used 5600K [0x000000076b200000, 0x0000000776a80000, 0x00000007c0000000)
  eden space 103936K, 0% used [0x000000076b200000,0x000000076b200000,0x0000000771780000)
  from space 18432K, 30% used [0x0000000771780000,0x0000000771cf8000,0x0000000772980000)
  to   space 17920K, 0% used [0x0000000775900000,0x0000000775900000,0x0000000776a80000)
 ParOldGen       total 178688K, used 18581K [0x00000006c1600000, 0x00000006cc480000, 0x000000076b200000)
  object space 178688K, 10% used [0x00000006c1600000,0x00000006c28257b0,0x00000006cc480000)
 Metaspace       used 35370K, capacity 35714K, committed 36096K, reserved 1081344K
  class space    used 4753K, capacity 4848K, committed 4864K, reserved 1048576K
}
Event: 27.150 GC heap before
{Heap before GC invocations=10 (full 2):
 PSYoungGen      total 122368K, used 109536K [0x000000076b200000, 0x0000000776a80000, 0x00000007c0000000)
  eden space 103936K, 100% used [0x000000076b200000,0x0000000771780000,0x0000000771780000)
  from space 18432K, 30% used [0x0000000771780000,0x0000000771cf8000,0x0000000772980000)
  to   space 17920K, 0% used [0x0000000775900000,0x0000000775900000,0x0000000776a80000)
 ParOldGen       total 178688K, used 18581K [0x00000006c1600000, 0x00000006cc480000, 0x000000076b200000)
  object space 178688K, 10% used [0x00000006c1600000,0x00000006c28257b0,0x00000006cc480000)
 Metaspace       used 36353K, capacity 36764K, committed 37120K, reserved 1081344K
  class space    used 4937K, capacity 5055K, committed 5120K, reserved 1048576K
Event: 27.156 GC heap after
Heap after GC invocations=10 (full 2):
 PSYoungGen      total 157696K, used 10013K [0x000000076b200000, 0x0000000776380000, 0x00000007c0000000)
  eden space 146944K, 0% used [0x000000076b200000,0x000000076b200000,0x0000000774180000)
  from space 10752K, 93% used [0x0000000775900000,0x00000007762c7740,0x0000000776380000)
  to   space 17408K, 0% used [0x0000000774180000,0x0000000774180000,0x0000000775280000)
 ParOldGen       total 178688K, used 18589K [0x00000006c1600000, 0x00000006cc480000, 0x000000076b200000)
  object space 178688K, 10% used [0x00000006c1600000,0x00000006c28277b0,0x00000006cc480000)
 Metaspace       used 36353K, capacity 36764K, committed 37120K, reserved 1081344K
  class space    used 4937K, capacity 5055K, committed 5120K, reserved 1048576K
}
Event: 29.164 GC heap before
{Heap before GC invocations=11 (full 2):
 PSYoungGen      total 157696K, used 156909K [0x000000076b200000, 0x0000000776380000, 0x00000007c0000000)
  eden space 146944K, 99% used [0x000000076b200000,0x0000000774173f38,0x0000000774180000)
  from space 10752K, 93% used [0x0000000775900000,0x00000007762c7740,0x0000000776380000)
  to   space 17408K, 0% used [0x0000000774180000,0x0000000774180000,0x0000000775280000)
 ParOldGen       total 178688K, used 18589K [0x00000006c1600000, 0x00000006cc480000, 0x000000076b200000)
  object space 178688K, 10% used [0x00000006c1600000,0x00000006c28277b0,0x00000006cc480000)
 Metaspace       used 39769K, capacity 40370K, committed 40448K, reserved 1083392K
  class space    used 5383K, capacity 5564K, committed 5632K, reserved 1048576K
Event: 29.194 GC heap after
Heap after GC invocations=11 (full 2):
 PSYoungGen      total 164352K, used 15718K [0x000000076b200000, 0x0000000779080000, 0x00000007c0000000)
  eden space 146944K, 0% used [0x000000076b200000,0x000000076b200000,0x0000000774180000)
  from space 17408K, 90% used [0x0000000774180000,0x00000007750d9888,0x0000000775280000)
  to   space 19456K, 0% used [0x0000000777d80000,0x0000000777d80000,0x0000000779080000)
 ParOldGen       total 178688K, used 18597K [0x00000006c1600000, 0x00000006cc480000, 0x000000076b200000)
  object space 178688K, 10% used [0x00000006c1600000,0x00000006c28297b0,0x00000006cc480000)
 Metaspace       used 39769K, capacity 40370K, committed 40448K, reserved 1083392K
  class space    used 5383K, capacity 5564K, committed 5632K, reserved 1048576K
}
Event: 29.499 GC heap before
{Heap before GC invocations=12 (full 2):
 PSYoungGen      total 164352K, used 162599K [0x000000076b200000, 0x0000000779080000, 0x00000007c0000000)
  eden space 146944K, 99% used [0x000000076b200000,0x00000007741705e8,0x0000000774180000)
  from space 17408K, 90% used [0x0000000774180000,0x00000007750d9888,0x0000000775280000)
  to   space 19456K, 0% used [0x0000000777d80000,0x0000000777d80000,0x0000000779080000)
 ParOldGen       total 178688K, used 18597K [0x00000006c1600000, 0x00000006cc480000, 0x000000076b200000)
  object space 178688K, 10% used [0x00000006c1600000,0x00000006c28297b0,0x00000006cc480000)
 Metaspace       used 39776K, capacity 40370K, committed 40448K, reserved 1083392K
  class space    used 5383K, capacity 5564K, committed 5632K, reserved 1048576K
Event: 29.558 GC heap after
Heap after GC invocations=12 (full 2):
 PSYoungGen      total 208384K, used 13390K [0x000000076b200000, 0x000000077af00000, 0x00000007c0000000)
  eden space 188928K, 0% used [0x000000076b200000,0x000000076b200000,0x0000000776a80000)
  from space 19456K, 68% used [0x0000000777d80000,0x0000000778a939d0,0x0000000779080000)
  to   space 19456K, 0% used [0x0000000776a80000,0x0000000776a80000,0x0000000777d80000)
 ParOldGen       total 178688K, used 18605K [0x00000006c1600000, 0x00000006cc480000, 0x000000076b200000)
  object space 178688K, 10% used [0x00000006c1600000,0x00000006c282b7b0,0x00000006cc480000)
 Metaspace       used 39776K, capacity 40370K, committed 40448K, reserved 1083392K
  class space    used 5383K, capacity 5564K, committed 5632K, reserved 1048576K
}
Event: 30.616 GC heap before
{Heap before GC invocations=13 (full 2):
 PSYoungGen      total 208384K, used 202318K [0x000000076b200000, 0x000000077af00000, 0x00000007c0000000)
  eden space 188928K, 100% used [0x000000076b200000,0x0000000776a80000,0x0000000776a80000)
  from space 19456K, 68% used [0x0000000777d80000,0x0000000778a939d0,0x0000000779080000)
  to   space 19456K, 0% used [0x0000000776a80000,0x0000000776a80000,0x0000000777d80000)
 ParOldGen       total 178688K, used 18605K [0x00000006c1600000, 0x00000006cc480000, 0x000000076b200000)
  object space 178688K, 10% used [0x00000006c1600000,0x00000006c282b7b0,0x00000006cc480000)
 Metaspace       used 39984K, capacity 40626K, committed 40704K, reserved 1085440K
  class space    used 5394K, capacity 5564K, committed 5632K, reserved 1048576K
Event: 30.626 GC heap after
Heap after GC invocations=13 (full 2):
 PSYoungGen      total 208384K, used 15833K [0x000000076b200000, 0x000000077eb80000, 0x00000007c0000000)
  eden space 188928K, 0% used [0x000000076b200000,0x000000076b200000,0x0000000776a80000)
  from space 19456K, 81% used [0x0000000776a80000,0x00000007779f6638,0x0000000777d80000)
  to   space 20992K, 0% used [0x000000077d700000,0x000000077d700000,0x000000077eb80000)
 ParOldGen       total 178688K, used 18613K [0x00000006c1600000, 0x00000006cc480000, 0x000000076b200000)
  object space 178688K, 10% used [0x00000006c1600000,0x00000006c282d7b0,0x00000006cc480000)
 Metaspace       used 39984K, capacity 40626K, committed 40704K, reserved 1085440K
  class space    used 5394K, capacity 5564K, committed 5632K, reserved 1048576K
}

Deoptimization events (10 events):
Event: 32.043 Thread 0x0000000024f98000 Uncommon trap: reason=unhandled action=none pc=0x0000000003534a2c method=java.lang.Class.getMethod(Ljava/lang/String;[Ljava/lang/Class;)Ljava/lang/reflect/Method; @ 61
Event: 32.043 Thread 0x0000000024f98000 Uncommon trap: reason=unhandled action=none pc=0x000000000325b6a8 method=java.util.ArrayList.rangeCheck(I)V @ 20
Event: 32.043 Thread 0x0000000024f98000 Uncommon trap: reason=null_check action=none pc=0x0000000003a5390c method=bus.uigen.introspect.IntrospectUtility.getVirtualClass(Ljava/lang/Object;)Ljava/lang/String; @ 21
Event: 32.043 Thread 0x0000000024f98000 Uncommon trap: reason=unhandled action=none pc=0x0000000003534a2c method=java.lang.Class.getMethod(Ljava/lang/String;[Ljava/lang/Class;)Ljava/lang/reflect/Method; @ 61
Event: 32.044 Thread 0x0000000024f98000 Uncommon trap: reason=unhandled action=none pc=0x000000000325b6a8 method=java.util.ArrayList.rangeCheck(I)V @ 20
Event: 32.044 Thread 0x0000000024f98000 Uncommon trap: reason=null_check action=none pc=0x0000000003a5390c method=bus.uigen.introspect.IntrospectUtility.getVirtualClass(Ljava/lang/Object;)Ljava/lang/String; @ 21
Event: 32.044 Thread 0x0000000024f98000 Uncommon trap: reason=unhandled action=none pc=0x0000000003534a2c method=java.lang.Class.getMethod(Ljava/lang/String;[Ljava/lang/Class;)Ljava/lang/reflect/Method; @ 61
Event: 32.048 Thread 0x0000000024f98000 Uncommon trap: reason=unhandled action=none pc=0x000000000325b6a8 method=java.util.ArrayList.rangeCheck(I)V @ 20
Event: 32.048 Thread 0x0000000024f98000 Uncommon trap: reason=null_check action=none pc=0x0000000003a5390c method=bus.uigen.introspect.IntrospectUtility.getVirtualClass(Ljava/lang/Object;)Ljava/lang/String; @ 21
Event: 32.048 Thread 0x0000000024f98000 Uncommon trap: reason=unhandled action=none pc=0x0000000003534a2c method=java.lang.Class.getMethod(Ljava/lang/String;[Ljava/lang/Class;)Ljava/lang/reflect/Method; @ 61

Internal exceptions (10 events):
Event: 30.610 Thread 0x0000000002c66000 Exception <a 'java/lang/NullPointerException'> (0x00000007769d4890) thrown at [D:\re\workspace\8-2-build-windows-amd64-cygwin\jdk8u40\3098\hotspot\src\share\vm\runtime\sharedRuntime.cpp, line 605]
Event: 30.610 Thread 0x0000000002c66000 Exception <a 'java/lang/ClassNotFoundException': bus/uigen/beans/infos/StringShapeBeanInfo> (0x00000007769d4de0) thrown at [D:\re\workspace\8-2-build-windows-amd64-cygwin\jdk8u40\3098\hotspot\src\share\vm\classfile\systemDictionary.cpp, line 210]
Event: 30.610 Thread 0x0000000002c66000 Exception <a 'java/lang/ClassNotFoundException': bus/uigen/beans/infos/StringShapeBeanInfo> (0x00000007769ded60) thrown at [D:\re\workspace\8-2-build-windows-amd64-cygwin\jdk8u40\3098\hotspot\src\share\vm\classfile\systemDictionary.cpp, line 210]
Event: 30.611 Thread 0x0000000002c66000 Implicit null exception at 0x0000000003c1bebc to 0x0000000003c1c320
Event: 30.611 Thread 0x0000000002c66000 Exception <a 'java/lang/NullPointerException'> (0x00000007769eae90) thrown at [D:\re\workspace\8-2-build-windows-amd64-cygwin\jdk8u40\3098\hotspot\src\share\vm\runtime\sharedRuntime.cpp, line 605]
Event: 30.611 Thread 0x0000000002c66000 Exception <a 'java/lang/ClassNotFoundException': grail/draw/interfaces/StringShapeCustomizer> (0x00000007769eb3e0) thrown at [D:\re\workspace\8-2-build-windows-amd64-cygwin\jdk8u40\3098\hotspot\src\share\vm\classfile\systemDictionary.cpp, line 210]
Event: 30.611 Thread 0x0000000002c66000 Exception <a 'java/lang/ClassNotFoundException': grail/draw/interfaces/StringShapeCustomizer> (0x00000007769f5ce8) thrown at [D:\re\workspace\8-2-build-windows-amd64-cygwin\jdk8u40\3098\hotspot\src\share\vm\classfile\systemDictionary.cpp, line 210]
Event: 32.215 Thread 0x0000000024f98000 Exception <a 'java/lang/InterruptedException': sleep interrupted> (0x000000076f4f1a18) thrown at [D:\re\workspace\8-2-build-windows-amd64-cygwin\jdk8u40\3098\hotspot\src\share\vm\prims\jvm.cpp, line 3211]
Event: 32.215 Thread 0x0000000002c66000 JVM_StopThread thread JavaThread 0x0000000024f98000 as oop 0x000000076f4aa380 [exception 0x0000000002c5eb08]
Event: 32.215 Thread 0x0000000024f98000 Exception <a 'java/lang/ThreadDeath'> (0x000000076f40d3a0) thrown at [D:\re\workspace\8-2-build-windows-amd64-cygwin\jdk8u40\3098\hotspot\src\share\vm\prims\jni.cpp, line 709]

Events (10 events):
Event: 32.048 Thread 0x0000000024f98000 DEOPT PACKING pc=0x0000000003837cec sp=0x0000000021dde9b0
Event: 32.048 Thread 0x0000000024f98000 DEOPT UNPACKING pc=0x0000000002da787f sp=0x0000000021dde6d8 mode 1
Event: 32.214 Executing VM operation: ForceSafepoint
Event: 32.214 Executing VM operation: ForceSafepoint done
Event: 32.214 Executing VM operation: GetOrSetLocal
Event: 32.215 Executing VM operation: GetOrSetLocal done
Event: 32.215 Executing VM operation: EnterInterpOnlyMode
Event: 32.215 Executing VM operation: EnterInterpOnlyMode done
Event: 32.215 Executing VM operation: ThreadStop
Event: 32.215 Executing VM operation: ThreadStop done


Dynamic libraries:
0x00007ff694320000 - 0x00007ff694357000 	D:\Program Files\Java\jdk1.8.0_40\bin\javaw.exe
0x00007ffe836b0000 - 0x00007ffe8385c000 	C:\Windows\SYSTEM32\ntdll.dll
0x00007ffe814e0000 - 0x00007ffe8161e000 	C:\Windows\system32\KERNEL32.DLL
0x00007ffe80ab0000 - 0x00007ffe80bc5000 	C:\Windows\system32\KERNELBASE.dll
0x00007ffe7f290000 - 0x00007ffe7f31e000 	C:\Windows\system32\apphelp.dll
0x00007ffe7e790000 - 0x00007ffe7e7e3000 	C:\Windows\AppPatch\AppPatch64\AcGenral.DLL
0x00007ffe80d30000 - 0x00007ffe80dda000 	C:\Windows\system32\msvcrt.dll
0x00007ffe805d0000 - 0x00007ffe805fe000 	C:\Windows\SYSTEM32\SspiCli.dll
0x00007ffe83160000 - 0x00007ffe831b4000 	C:\Windows\system32\SHLWAPI.dll
0x00007ffe83370000 - 0x00007ffe834e7000 	C:\Windows\system32\USER32.dll
0x00007ffe812e0000 - 0x00007ffe81474000 	C:\Windows\system32\ole32.dll
0x00007ffe81910000 - 0x00007ffe82e28000 	C:\Windows\system32\SHELL32.dll
0x00007ffe7fda0000 - 0x00007ffe7fdc1000 	C:\Windows\SYSTEM32\USERENV.dll
0x00007ffe81150000 - 0x00007ffe811fa000 	C:\Windows\system32\ADVAPI32.dll
0x00007ffe7e770000 - 0x00007ffe7e78e000 	C:\Windows\SYSTEM32\MPR.dll
0x00007ffe83220000 - 0x00007ffe83361000 	C:\Windows\system32\RPCRT4.dll
0x00007ffe831c0000 - 0x00007ffe83219000 	C:\Windows\SYSTEM32\sechost.dll
0x00007ffe81680000 - 0x00007ffe81891000 	C:\Windows\SYSTEM32\combase.dll
0x00007ffe82ff0000 - 0x00007ffe83141000 	C:\Windows\system32\GDI32.dll
0x00007ffe80800000 - 0x00007ffe80815000 	C:\Windows\SYSTEM32\profapi.dll
0x00007ffe7f360000 - 0x00007ffe7f412000 	C:\Windows\SYSTEM32\SHCORE.dll
0x00007ffe81640000 - 0x00007ffe81676000 	C:\Windows\system32\IMM32.DLL
0x00007ffe82e90000 - 0x00007ffe82fe1000 	C:\Windows\system32\MSCTF.dll
0x00007ffe7eba0000 - 0x00007ffe7ee1b000 	C:\Windows\WinSxS\amd64_microsoft.windows.common-controls_6595b64144ccf1df_6.0.9600.17415_none_6240486fecbd8abb\COMCTL32.dll
0x00000000748c0000 - 0x0000000074992000 	D:\Program Files\Java\jdk1.8.0_40\jre\bin\msvcr100.dll
0x0000000074030000 - 0x00000000748b3000 	D:\Program Files\Java\jdk1.8.0_40\jre\bin\server\jvm.dll
0x00007ffe78250000 - 0x00007ffe78259000 	C:\Windows\SYSTEM32\WSOCK32.dll
0x00007ffe7ee50000 - 0x00007ffe7ee72000 	C:\Windows\SYSTEM32\WINMM.dll
0x00007ffe7f350000 - 0x00007ffe7f35a000 	C:\Windows\SYSTEM32\VERSION.dll
0x00007ffe834f0000 - 0x00007ffe834f7000 	C:\Windows\system32\PSAPI.DLL
0x00007ffe81480000 - 0x00007ffe814da000 	C:\Windows\system32\WS2_32.dll
0x00007ffe7eb60000 - 0x00007ffe7eb8a000 	C:\Windows\SYSTEM32\WINMMBASE.dll
0x00007ffe83150000 - 0x00007ffe83159000 	C:\Windows\system32\NSI.dll
0x00007ffe80ce0000 - 0x00007ffe80d2f000 	C:\Windows\SYSTEM32\cfgmgr32.dll
0x00007ffe7f600000 - 0x00007ffe7f628000 	C:\Windows\SYSTEM32\DEVOBJ.dll
0x0000000076eb0000 - 0x0000000076ebf000 	D:\Program Files\Java\jdk1.8.0_40\jre\bin\verify.dll
0x0000000074000000 - 0x0000000074029000 	D:\Program Files\Java\jdk1.8.0_40\jre\bin\java.dll
0x0000000073fc0000 - 0x0000000073ff5000 	D:\Program Files\Java\jdk1.8.0_40\jre\bin\jdwp.dll
0x0000000076a80000 - 0x0000000076a88000 	D:\Program Files\Java\jdk1.8.0_40\jre\bin\npt.dll
0x0000000073fa0000 - 0x0000000073fb6000 	D:\Program Files\Java\jdk1.8.0_40\jre\bin\zip.dll
0x0000000073f90000 - 0x0000000073f99000 	D:\Program Files\Java\jdk1.8.0_40\jre\bin\dt_socket.dll
0x00007ffe78cb0000 - 0x00007ffe78cc5000 	C:\Windows\system32\napinsp.dll
0x00007ffe78cd0000 - 0x00007ffe78cea000 	C:\Windows\system32\pnrpnsp.dll
0x00007ffe7b660000 - 0x00007ffe7b67b000 	C:\Windows\system32\NLAapi.dll
0x00007ffe80010000 - 0x00007ffe80069000 	C:\Windows\System32\mswsock.dll
0x00007ffe7fe10000 - 0x00007ffe7feb4000 	C:\Windows\SYSTEM32\DNSAPI.dll
0x00007ffe78cf0000 - 0x00007ffe78cfd000 	C:\Windows\System32\winrnr.dll
0x00000000509b0000 - 0x00000000509d6000 	C:\Program Files\Bonjour\mdnsNSP.dll
0x00007ffe7a1c0000 - 0x00007ffe7a1ea000 	C:\Windows\SYSTEM32\Iphlpapi.DLL
0x00007ffe7a190000 - 0x00007ffe7a19a000 	C:\Windows\SYSTEM32\WINNSI.DLL
0x00007ffe79f60000 - 0x00007ffe79fcb000 	C:\Windows\System32\fwpuclnt.dll
0x00007ffe78d00000 - 0x00007ffe78d0a000 	C:\Windows\System32\rasadhlp.dll
0x0000000073df0000 - 0x0000000073f88000 	D:\Program Files\Java\jdk1.8.0_40\jre\bin\awt.dll
0x00007ffe80de0000 - 0x00007ffe80ea1000 	C:\Windows\system32\OLEAUT32.dll
0x00007ffe7f480000 - 0x00007ffe7f5a9000 	C:\Windows\system32\uxtheme.dll
0x00007ffe7ee20000 - 0x00007ffe7ee41000 	C:\Windows\system32\dwmapi.dll
0x00007ffe7f440000 - 0x00007ffe7f44b000 	C:\Windows\SYSTEM32\kernel.appcore.dll
0x00007ffe80670000 - 0x00007ffe8067b000 	C:\Windows\SYSTEM32\CRYPTBASE.dll
0x00007ffe80600000 - 0x00007ffe80663000 	C:\Windows\SYSTEM32\bcryptPrimitives.dll
0x0000000073dd0000 - 0x0000000073dea000 	D:\Program Files\Java\jdk1.8.0_40\jre\bin\net.dll
0x0000000073db0000 - 0x0000000073dc1000 	D:\Program Files\Java\jdk1.8.0_40\jre\bin\nio.dll
0x00007ffe7e900000 - 0x00007ffe7e9a4000 	C:\Windows\WinSxS\amd64_microsoft.windows.common-controls_6595b64144ccf1df_5.82.9600.17415_none_34aa3313958e7a52\comctl32.dll
0x0000000073d60000 - 0x0000000073da7000 	D:\Program Files\Java\jdk1.8.0_40\jre\bin\fontmanager.dll
0x0000000073d10000 - 0x0000000073d51000 	D:\Program Files\Java\jdk1.8.0_40\jre\bin\t2k.dll
0x00007ffe81200000 - 0x00007ffe812b6000 	C:\Windows\SYSTEM32\clbcatq.dll
0x00007ffe7b320000 - 0x00007ffe7b49f000 	C:\Windows\SYSTEM32\PROPSYS.dll
0x00007ffe720f0000 - 0x00007ffe7228d000 	C:\Windows\system32\NetworkExplorer.dll
0x00007ffe80f70000 - 0x00007ffe8114a000 	C:\Windows\system32\SETUPAPI.dll
0x00007ffe7a360000 - 0x00007ffe7a36b000 	C:\Windows\System32\drprov.dll
0x00007ffe80680000 - 0x00007ffe806da000 	C:\Windows\System32\WINSTA.dll
0x0000000077750000 - 0x000000007775f000 	C:\Windows\system32\AFSRDFSProvider.dll
0x00007ffe79490000 - 0x00007ffe794a7000 	C:\Windows\System32\ntlanman.dll
0x00007ffe79440000 - 0x00007ffe7945f000 	C:\Windows\System32\davclnt.dll
0x00007ffe79650000 - 0x00007ffe7965c000 	C:\Windows\System32\DAVHLPR.dll
0x00007ffe7d110000 - 0x00007ffe7d127000 	C:\Windows\System32\wkscli.dll
0x00007ffe777a0000 - 0x00007ffe777b2000 	C:\Windows\SYSTEM32\cscapi.dll
0x00007ffe7fa40000 - 0x00007ffe7fa4c000 	C:\Windows\System32\netutils.dll
0x00007ffe79180000 - 0x00007ffe791fb000 	C:\Windows\System32\dlnashext.dll
0x00007ffe79130000 - 0x00007ffe7917e000 	C:\Windows\System32\PlayToDevice.dll
0x00007ffe80070000 - 0x00007ffe80090000 	C:\Windows\SYSTEM32\CRYPTSP.dll
0x00007ffe7fc90000 - 0x00007ffe7fcc6000 	C:\Windows\system32\rsaenh.dll
0x00007ffe802c0000 - 0x00007ffe802e6000 	C:\Windows\SYSTEM32\bcrypt.dll
0x00007ffe795f0000 - 0x00007ffe7960e000 	C:\Windows\System32\DevDispItemProvider.dll
0x00007ffe6d7a0000 - 0x00007ffe6d99d000 	C:\Windows\system32\wpdshext.dll
0x00007ffe7e9b0000 - 0x00007ffe7eb60000 	C:\Windows\WinSxS\amd64_microsoft.windows.gdiplus_6595b64144ccf1df_1.1.9600.17415_none_932b3b5547500489\gdiplus.dll
0x00007ffe76950000 - 0x00007ffe76a04000 	C:\Windows\System32\PortableDeviceApi.dll
0x00007ffe80c80000 - 0x00007ffe80cd1000 	C:\Windows\system32\WINTRUST.dll
0x00007ffe808d0000 - 0x00007ffe80aaf000 	C:\Windows\system32\CRYPT32.dll
0x00007ffe808b0000 - 0x00007ffe808c1000 	C:\Windows\system32\MSASN1.dll
0x00007ffe790f0000 - 0x00007ffe79127000 	C:\Windows\System32\EhStorShell.dll
0x00007ffe74f00000 - 0x00007ffe74f26000 	C:\Windows\System32\EhStorAPI.dll
0x00007ffe7f420000 - 0x00007ffe7f432000 	C:\Windows\System32\WTSAPI32.dll
0x00007ffe731f0000 - 0x00007ffe731fd000 	C:\Windows\SYSTEM32\LINKINFO.dll
0x00007ffe7a040000 - 0x00007ffe7a056000 	C:\Windows\SYSTEM32\dhcpcsvc6.DLL
0x00007ffe7a020000 - 0x00007ffe7a03a000 	C:\Windows\SYSTEM32\dhcpcsvc.DLL
0x00007ffe7b4a0000 - 0x00007ffe7b64e000 	C:\Windows\SYSTEM32\WindowsCodecs.dll
0x0000000073ce0000 - 0x0000000073d0a000 	D:\Program Files\Java\jdk1.8.0_40\jre\bin\dcpr.dll
0x00007ffe7e080000 - 0x00007ffe7e0b2000 	C:\Windows\SYSTEM32\ntmarta.dll
0x0000000073ca0000 - 0x0000000073cd1000 	D:\Program Files\Java\jdk1.8.0_40\jre\bin\jpeg.dll
0x00007ffe77cf0000 - 0x00007ffe77e7a000 	C:\Windows\SYSTEM32\dbghelp.dll

VM Arguments:
jvm_args: -agentlib:jdwp=transport=dt_socket,suspend=y,address=localhost:59054 -Dfile.encoding=Cp1252 
java_command: gradingTools.Driver
java_class_path (initial): D:\dewan_backup\Java\Grader\target\classes;C:\Users\dewan\.m2\repository\commons-io\commons-io\1.3.2\commons-io-1.3.2.jar;C:\Users\dewan\.m2\repository\net\lingala\zip4j\zip4j\1.3.1\zip4j-1.3.1.jar;C:\Users\dewan\.m2\repository\joda-time\joda-time\2.3\joda-time-2.3.jar;C:\Users\dewan\.m2\repository\org\apache\poi\poi-ooxml\3.9\poi-ooxml-3.9.jar;C:\Users\dewan\.m2\repository\org\apache\poi\poi\3.9\poi-3.9.jar;C:\Users\dewan\.m2\repository\commons-codec\commons-codec\1.5\commons-codec-1.5.jar;C:\Users\dewan\.m2\repository\org\apache\poi\poi-ooxml-schemas\3.9\poi-ooxml-schemas-3.9.jar;C:\Users\dewan\.m2\repository\org\apache\xmlbeans\xmlbeans\2.3.0\xmlbeans-2.3.0.jar;C:\Users\dewan\.m2\repository\stax\stax-api\1.0.1\stax-api-1.0.1.jar;C:\Users\dewan\.m2\repository\dom4j\dom4j\1.6.1\dom4j-1.6.1.jar;C:\Users\dewan\.m2\repository\xml-apis\xml-apis\1.0.b2\xml-apis-1.0.b2.jar;C:\Users\dewan\.m2\repository\net\sf\opencsv\opencsv\2.3\opencsv-2.3.jar;C:\Users\dewan\.m2\repository\org\scala-lang\scala-library\2.10.3\scala-library-2.10.3.jar;C:\Users\dewan\.m2\repository\junit\junit\4.11\junit-4.11.jar;C:\Users\dewan\.m2\repository\org\hamcrest\hamcrest-core\1.3\hamcrest-core-1.3.jar;C:\Users\dewan\.m2\repository\com\intellij\forms_rt\7.0.3\forms_rt-7.0.3.jar;C:\Users\dewan\.m2\repository\asm\asm-commons\3.0\asm-commons-3.0.jar;C:\Users\dewan\.m2\repository\asm\asm-tree\3.0\asm-tree-3.0.jar;C:\Users\dewan\.m2\repository\asm\asm\3.0\asm-3.0.jar;C:\Users\dewan\.m2\repository\com\jgoodies\forms\1.1-preview\forms-1.1-preview.jar;C:\Users\dewan\.m2\repository\jdom\jdom\1.0\jdom-1.0.jar;C:\Users\dewan\.m2\repository\org\codehaus\jackson\jackson-mapper-asl\1.9.13\jackson-mapper-asl-1.9.13.jar;C:\Users\dewan\.m2\repository\org\codehaus\jackson\jackson-core-asl\1.9.13\jackson-core-asl-1.9.13.jar;C:\Users\dewan\.m2\repository\edu\unc\oeall\22\oeall-22.jar;C:\Users\dewan\.m2\repository\qdox\qdox\1.6.1\qdox-1.6.1.jar;C:\Users\dewan\.m2\repository\commons-configu
Launcher Type: SUN_STANDARD

Environment Variables:
JAVA_HOME=D:\Program Files\Java\jdk1.8.0_40
CLASSPATH=D:\dewan_backup\Java\lib\checkstyle-6.5-all.jar;D:\dewan_backup\Java\lib\UNCChecks_6.5.0.jar;D:\dewan_backup\Java\lib\oeall22.jar
PATH=D:\Program Files\Java\jdk1.8.0_40\jre\bin;C:\Program Files (x86)\Intel\iCLS Client\;C:\Program Files\Intel\iCLS Client\;C:\Program Files (x86)\ActiveState Komodo IDE 8\;C:\ProgramData\Oracle\Java\javapath;C:\Windows\system32;C:\Windows;C:\Windows\System32\Wbem;C:\Windows\System32\WindowsPowerShell\v1.0\;C:\Program Files (x86)\QuickTime\QTSystem\;C:\Program Files\MATLAB\R2014b\runtime\win64;C:\Program Files\MATLAB\R2014b\bin;C:\Program Files (x86)\Windows Kits\8.1\Windows Performance Toolkit\;C:\Program Files\Microsoft SQL Server\110\Tools\Binn\;C:\Program Files (x86)\MIT\Kerberos\bin;C:\Program Files\OpenAFS\Common;C:\Program Files (x86)\OpenAFS\Common;C:\Program Files (x86)\OpenAFS\Client\Program;C:\Program Files\OpenAFS\Client\Program;C:\Program Files\Intel\Intel(R) Management Engine Components\DAL;C:\Program Files\Intel\Intel(R) Management Engine Components\IPT;C:\Program Files (x86)\Intel\Intel(R) Management Engine Components\DAL;C:\Program Files (x86)\Intel\Intel(R) Management Engine Components\IPT;C:\Program Files (x86)\Git\cmd;C:\Program Files (x86)\Microsoft Visual Studio 12.0\VC\bin;C:\Program Files (x86)\Microsoft Visual Studio 12.0\Common7\IDE;C:\Program Files (x86)\Skype\Phone\;C:\Program Files (x86)\SSH Communications Security\SSH Secure Shell;D:\Program Files\apache-maven-3.3.1-bin\apache-maven-3.3.1\bin
USERNAME=dewan
OS=Windows_NT
PROCESSOR_IDENTIFIER=Intel64 Family 6 Model 60 Stepping 3, GenuineIntel



---------------  S Y S T E M  ---------------

OS: Windows 8.1 , 64 bit Build 9600 (6.3.9600.17415)

CPU:total 4 (4 cores per cpu, 1 threads per core) family 6 model 60 stepping 3, cmov, cx8, fxsr, mmx, sse, sse2, sse3, ssse3, sse4.1, sse4.2, popcnt, avx, avx2, aes, clmul, erms, rtm, lzcnt, tsc, tscinvbit, bmi1, bmi2

Memory: 4k page, physical 16683080k(7488788k free), swap 19173448k(7276972k free)

vm_info: Java HotSpot(TM) 64-Bit Server VM (25.40-b25) for windows-amd64 JRE (1.8.0_40-b26), built on Mar  7 2015 13:51:59 by "java_re" with MS VC++ 10.0 (VS2010)

time: Thu Dec 03 10:10:43 2015
elapsed time: 32 seconds (0d 0h 0m 32s)

